{"name":"search_for_amazon()","id":"[engine:junit-jupiter]/[class:com.example.google_homepage_automation.AppTest]/[method:search_for_amazon()]","scenarioId":"[engine:junit-jupiter]/[class:com.example.google_homepage_automation.AppTest]","testCaseName":"com.example.google_homepage_automation.AppTest","methodName":"search_for_amazon","testSteps":[{"number":1,"description":"AdminUser opens the browser at https://duckduckgo.com","duration":1849,"startTime":"2025-06-12T10:00:34.251930400+05:30[Asia/Calcutta]","result":"SUCCESS","precondition":false,"level":0},{"number":2,"description":"AdminUser enters \u0027amazon\u0027 into Google Search Box","duration":489,"startTime":"2025-06-12T10:00:36.104447900+05:30[Asia/Calcutta]","result":"SUCCESS","precondition":false,"level":0},{"number":3,"description":"AdminUser types \u0027ENTER\u0027 in Google Search Box","duration":99,"startTime":"2025-06-12T10:00:36.595296300+05:30[Asia/Calcutta]","result":"SUCCESS","precondition":false,"level":0},{"number":4,"description":"AdminUser Waiting for 3","duration":3045,"startTime":"2025-06-12T10:00:40.393371200+05:30[Asia/Calcutta]","result":"SUCCESS","precondition":false,"level":0},{"number":5,"description":"AdminUser clicks on Amazon link","duration":5412,"startTime":"2025-06-12T10:00:43.440977200+05:30[Asia/Calcutta]","exception":{"errorType":"net.thucydides.core.webdriver.exceptions.ElementShouldBePresentException","message":"Expected condition failed: waiting for By.xpath: //h3[contains(text(),\u0027Amazonn\u0027)] to be present (tried for 5 second(s) with 100 milliseconds interval)\nBuild info: version: \u00274.12.1\u0027, revision: \u00278e34639b11\u0027\nSystem info: os.name: \u0027Windows 11\u0027, os.arch: \u0027amd64\u0027, os.version: \u002710.0\u0027, java.version: \u002721.0.7\u0027\nDriver info: driver.version: unknown","stackTrace":[{"declaringClass":"net.thucydides.core.steps.StepInterceptor","methodName":"invokeMethod","fileName":"StepInterceptor.java","lineNumber":519},{"declaringClass":"net.thucydides.core.steps.StepInterceptor","methodName":"executeTestStepMethod","fileName":"StepInterceptor.java","lineNumber":499},{"declaringClass":"net.thucydides.core.steps.StepInterceptor","methodName":"runTestStep","fileName":"StepInterceptor.java","lineNumber":471},{"declaringClass":"net.thucydides.core.steps.StepInterceptor","methodName":"runOrSkipMethod","fileName":"StepInterceptor.java","lineNumber":213},{"declaringClass":"net.thucydides.core.steps.StepInterceptor","methodName":"testStepResult","fileName":"StepInterceptor.java","lineNumber":200},{"declaringClass":"net.thucydides.core.steps.StepInterceptor","methodName":"intercept","fileName":"StepInterceptor.java","lineNumber":92},{"declaringClass":"com.example.google_homepage_automation.AppTest","methodName":"search_for_amazon","fileName":"AppTest.java","lineNumber":116},{"declaringClass":"org.eclipse.jdt.internal.junit5.runner.JUnit5TestReference","methodName":"run","fileName":"JUnit5TestReference.java","lineNumber":100},{"declaringClass":"org.eclipse.jdt.internal.junit.runner.TestExecution","methodName":"run","fileName":"TestExecution.java","lineNumber":40},{"declaringClass":"org.eclipse.jdt.internal.junit.runner.RemoteTestRunner","methodName":"runTests","fileName":"RemoteTestRunner.java","lineNumber":520},{"declaringClass":"org.eclipse.jdt.internal.junit.runner.RemoteTestRunner","methodName":"runTests","fileName":"RemoteTestRunner.java","lineNumber":748},{"declaringClass":"org.eclipse.jdt.internal.junit.runner.RemoteTestRunner","methodName":"run","fileName":"RemoteTestRunner.java","lineNumber":443},{"declaringClass":"org.eclipse.jdt.internal.junit.runner.RemoteTestRunner","methodName":"main","fileName":"RemoteTestRunner.java","lineNumber":211}],"rootCause":{"errorType":"org.openqa.selenium.TimeoutException","message":"Expected condition failed: waiting for By.xpath: //h3[contains(text(),\u0027Amazonn\u0027)] to be present (tried for 5 second(s) with 100 milliseconds interval)\nBuild info: version: \u00274.12.1\u0027, revision: \u00278e34639b11\u0027\nSystem info: os.name: \u0027Windows 11\u0027, os.arch: \u0027amd64\u0027, os.version: \u002710.0\u0027, java.version: \u002721.0.7\u0027\nDriver info: driver.version: unknown","stackTrace":[{"declaringClass":"net.thucydides.core.steps.StepInterceptor","methodName":"invokeMethod","fileName":"StepInterceptor.java","lineNumber":519},{"declaringClass":"net.thucydides.core.steps.StepInterceptor","methodName":"executeTestStepMethod","fileName":"StepInterceptor.java","lineNumber":499},{"declaringClass":"net.thucydides.core.steps.StepInterceptor","methodName":"runTestStep","fileName":"StepInterceptor.java","lineNumber":471},{"declaringClass":"net.thucydides.core.steps.StepInterceptor","methodName":"runOrSkipMethod","fileName":"StepInterceptor.java","lineNumber":213},{"declaringClass":"net.thucydides.core.steps.StepInterceptor","methodName":"testStepResult","fileName":"StepInterceptor.java","lineNumber":200},{"declaringClass":"net.thucydides.core.steps.StepInterceptor","methodName":"intercept","fileName":"StepInterceptor.java","lineNumber":92},{"declaringClass":"com.example.google_homepage_automation.AppTest","methodName":"search_for_amazon","fileName":"AppTest.java","lineNumber":116},{"declaringClass":"org.eclipse.jdt.internal.junit5.runner.JUnit5TestReference","methodName":"run","fileName":"JUnit5TestReference.java","lineNumber":100},{"declaringClass":"org.eclipse.jdt.internal.junit.runner.TestExecution","methodName":"run","fileName":"TestExecution.java","lineNumber":40},{"declaringClass":"org.eclipse.jdt.internal.junit.runner.RemoteTestRunner","methodName":"runTests","fileName":"RemoteTestRunner.java","lineNumber":520},{"declaringClass":"org.eclipse.jdt.internal.junit.runner.RemoteTestRunner","methodName":"runTests","fileName":"RemoteTestRunner.java","lineNumber":748},{"declaringClass":"org.eclipse.jdt.internal.junit.runner.RemoteTestRunner","methodName":"run","fileName":"RemoteTestRunner.java","lineNumber":443},{"declaringClass":"org.eclipse.jdt.internal.junit.runner.RemoteTestRunner","methodName":"main","fileName":"RemoteTestRunner.java","lineNumber":211}]}},"result":"FAILURE","precondition":false,"level":0}],"userStory":{"id":"com.example.google_homepage_automation.AppTest","storyName":"AppTest","displayName":"AppTest","storyClassName":"com.example.google_homepage_automation.AppTest","path":"com.example.google_homepage_automation.AppTest","pathElements":[{"name":"com","description":"com"},{"name":"example","description":"example"},{"name":"google_homepage_automation","description":"google_homepage_automation"},{"name":"AppTest","description":"AppTest"}],"narrative":"","type":"feature"},"title":"Search for amazon","tags":[{"name":"com/example/google_homepage_automation","type":"story","displayName":"Google homepage automation"},{"name":"com/example/google_homepage_automation/AppTest","type":"feature","displayName":"AppTest"},{"name":"com/example","type":"feature","displayName":"Example"},{"name":"com","type":"capability","displayName":"Com"}],"startTime":"2025-06-12T10:00:31.488416+05:30[Asia/Calcutta]","duration":4544,"testFailureCause":{"errorType":"net.thucydides.core.webdriver.exceptions.ElementShouldBePresentException","message":"Expected condition failed: waiting for By.xpath: //h3[contains(text(),\u0027Amazonn\u0027)] to be present (tried for 5 second(s) with 100 milliseconds interval)\nBuild info: version: \u00274.12.1\u0027, revision: \u00278e34639b11\u0027\nSystem info: os.name: \u0027Windows 11\u0027, os.arch: \u0027amd64\u0027, os.version: \u002710.0\u0027, java.version: \u002721.0.7\u0027\nDriver info: driver.version: unknown","stackTrace":[{"declaringClass":"net.thucydides.core.steps.StepInterceptor","methodName":"invokeMethod","fileName":"StepInterceptor.java","lineNumber":519},{"declaringClass":"net.thucydides.core.steps.StepInterceptor","methodName":"executeTestStepMethod","fileName":"StepInterceptor.java","lineNumber":499},{"declaringClass":"net.thucydides.core.steps.StepInterceptor","methodName":"runTestStep","fileName":"StepInterceptor.java","lineNumber":471},{"declaringClass":"net.thucydides.core.steps.StepInterceptor","methodName":"runOrSkipMethod","fileName":"StepInterceptor.java","lineNumber":213},{"declaringClass":"net.thucydides.core.steps.StepInterceptor","methodName":"testStepResult","fileName":"StepInterceptor.java","lineNumber":200},{"declaringClass":"net.thucydides.core.steps.StepInterceptor","methodName":"intercept","fileName":"StepInterceptor.java","lineNumber":92},{"declaringClass":"com.example.google_homepage_automation.AppTest","methodName":"search_for_amazon","fileName":"AppTest.java","lineNumber":116}],"rootCause":{"errorType":"org.openqa.selenium.TimeoutException","message":"Expected condition failed: waiting for By.xpath: //h3[contains(text(),\u0027Amazonn\u0027)] to be present (tried for 5 second(s) with 100 milliseconds interval)\nBuild info: version: \u00274.12.1\u0027, revision: \u00278e34639b11\u0027\nSystem info: os.name: \u0027Windows 11\u0027, os.arch: \u0027amd64\u0027, os.version: \u002710.0\u0027, java.version: \u002721.0.7\u0027\nDriver info: driver.version: unknown","stackTrace":[{"declaringClass":"net.thucydides.core.steps.StepInterceptor","methodName":"invokeMethod","fileName":"StepInterceptor.java","lineNumber":519},{"declaringClass":"net.thucydides.core.steps.StepInterceptor","methodName":"executeTestStepMethod","fileName":"StepInterceptor.java","lineNumber":499},{"declaringClass":"net.thucydides.core.steps.StepInterceptor","methodName":"runTestStep","fileName":"StepInterceptor.java","lineNumber":471},{"declaringClass":"net.thucydides.core.steps.StepInterceptor","methodName":"runOrSkipMethod","fileName":"StepInterceptor.java","lineNumber":213},{"declaringClass":"net.thucydides.core.steps.StepInterceptor","methodName":"testStepResult","fileName":"StepInterceptor.java","lineNumber":200},{"declaringClass":"net.thucydides.core.steps.StepInterceptor","methodName":"intercept","fileName":"StepInterceptor.java","lineNumber":92},{"declaringClass":"com.example.google_homepage_automation.AppTest","methodName":"search_for_amazon","fileName":"AppTest.java","lineNumber":116}]}},"testFailureClassname":"net.thucydides.core.webdriver.exceptions.ElementShouldBePresentException","testFailureMessage":"Expected condition failed: waiting for By.xpath: //h3[contains(text(),\u0027Amazonn\u0027)] to be present (tried for 5 second(s) with 100 milliseconds interval)\nBuild info: version: \u00274.12.1\u0027, revision: \u00278e34639b11\u0027\nSystem info: os.name: \u0027Windows 11\u0027, os.arch: \u0027amd64\u0027, os.version: \u002710.0\u0027, java.version: \u002721.0.7\u0027\nDriver info: driver.version: unknown","testFailureSummary":"FAILURE;net.thucydides.core.webdriver.exceptions.ElementShouldBePresentException;Expected condition failed: waiting for By.xpath: //h3[contains(text(),\u0027Amazonn\u0027)] to be present (tried for 5 second(s) with 100 milliseconds interval)\nBuild info: version: \u00274.12.1\u0027, revision: \u00278e34639b11\u0027\nSystem info: os.name: \u0027Windows 11\u0027, os.arch: \u0027amd64\u0027, os.version: \u002710.0\u0027, java.version: \u002721.0.7\u0027\nDriver info: driver.version: unknown;StepInterceptor.java","projectKey":"","annotatedResult":"FAILURE","driver":"chromedriver: chrome on windows (2f04f0c0c8791f9ebb93837c7b2d802d)","isManualTestingUpToDate":false,"manual":false,"testSource":"JUnit5","actors":[{"name":"AdminUser","can":["browse the web"]}],"order":0,"result":"FAILURE"}